2023-01-01 23:3556 夏目注册了
2023-01-01 23:3735 夏目登录了
2023-01-01 23:3737 夏目注册了
2023-01-01 23:3743 夏目注册了
2023-01-01 23:3744 夏目注册了
2023-01-01 23:3745 夏目登录了
2023-01-01 23:3749 夏目登录了
2023-01-01 23:3749 夏目注册了
2023-01-01 23:4336 夏目注册了
2023-01-01 23:4337 夏目注册了
2023-01-01 23:4338 夏目转账了
2023-01-01 23:4341 夏目注册了
2023-01-01 23:4342 夏目注册了
2023-01-01 23:4507 夏目注册了
2023-01-01 23:4509 夏目转账了
2023-01-01 23:4511 夏目注册了
2023-01-01 23:45:37 夏目注册了
2023-01-01 23:45:37 夏目注册了
2023-01-01 23:45:38 夏目转账了
2023-01-01 23:45:39 夏目登录了
2023-01-01 23:45:40 夏目登录了
2023-01-01 23:45:41 夏目登录了
2023-01-01 23:45:42 夏目注册了
2023-01-01 23:45:43 夏目注册了
2023-01-01 23:45:44 夏目转账了
2023-01-01 23:45:46 夏目转账了
2023-01-01 23:45:47 夏目注册了
2023-01-01 23:45:48 夏目注册了
2023-01-01 23:49:29 夏目注册了
2023-01-01 23:49:30 夏目注册了
2023-01-01 23:49:30 夏目转账了
2023-01-01 23:49:32 夏目转账了
2023-01-01 23:49:32 夏目注册了
2023-01-01 23:49:33 夏目注册了
2023-01-01 23:49:34 夏目注册了
2023-01-01 23:49:34 夏目登录了
2023-01-01 23:49:35 夏目登录了
2023-01-01 23:49:36 夏目登录了
2023-01-01 23:49:37 夏目注册了
2023-01-01 23:49:38 夏目注册了
2023-01-01 23:49:39 夏目注册了
2023-01-01 23:49:43 夏目注册了
